Full Traceback (most recent call last):
  File "/Users/morril01/anaconda3/envs/snakemake-globalDA/lib/python3.6/site-packages/snakemake/parser.py", line 661, in block_content
    rulename=self.rulename).consume():
  File "/Users/morril01/anaconda3/envs/snakemake-globalDA/lib/python3.6/site-packages/snakemake/parser.py", line 121, in subautomaton
    return self.subautomata[automaton](
KeyError: 'expand'

During handling of the above exception, another exception occurred:

Traceback (most recent call last):
  File "/Users/morril01/anaconda3/envs/snakemake-globalDA/lib/python3.6/site-packages/snakemake/__init__.py", line 401, in snakemake
    print_compilation=print_compilation)
  File "/Users/morril01/anaconda3/envs/snakemake-globalDA/lib/python3.6/site-packages/snakemake/workflow.py", line 732, in include
    rulecount=self._rulecount)
  File "/Users/morril01/anaconda3/envs/snakemake-globalDA/lib/python3.6/site-packages/snakemake/parser.py", line 788, in parse
    for t, orig_token in automaton.consume():
  File "/Users/morril01/anaconda3/envs/snakemake-globalDA/lib/python3.6/site-packages/snakemake/parser.py", line 106, in consume
    for t, orig in self.state(token):
  File "/Users/morril01/anaconda3/envs/snakemake-globalDA/lib/python3.6/site-packages/snakemake/parser.py", line 732, in python
    for t in self.subautomaton(token.string).consume():
  File "/Users/morril01/anaconda3/envs/snakemake-globalDA/lib/python3.6/site-packages/snakemake/parser.py", line 106, in consume
    for t, orig in self.state(token):
  File "/Users/morril01/anaconda3/envs/snakemake-globalDA/lib/python3.6/site-packages/snakemake/parser.py", line 180, in block
    for t in self.block_content(token):
  File "/Users/morril01/anaconda3/envs/snakemake-globalDA/lib/python3.6/site-packages/snakemake/parser.py", line 665, in block_content
    "rule definition".format(token.string), token)
  File "/Users/morril01/anaconda3/envs/snakemake-globalDA/lib/python3.6/site-packages/snakemake/parser.py", line 118, in error
    (self.snakefile.path, lineno(token), None, None))
  File "/Users/morril01/Documents/PhD/GlobalDA/code/Snakefile", line 343
SyntaxError: Unexpected keyword expand in rule definition

SyntaxError in line 343 of /Users/morril01/Documents/PhD/GlobalDA/code/Snakefile:
Unexpected keyword expand in rule definition (Snakefile, line 343)
